0 Auckland 7806981  
1 Vista 12005641  
2 Oldham 13842698  
3 Wallow 10824968  
4 Zules 11021576  
5 Doggough 15363421  
6 Porfyrria 4135459  
7 Pijon 8993101  
8 Avon 5514031  
9 Anetto 6538932  
10 Pierie 5680541  
11 Merobaudes 790847  
12 Gudule 2965474  
13 Bloix 988751  
14 Rosselieu 794221  
15 Volaire 2569924  
16 Les Paroisses Unies 4673721  
17 Oreamure 3949708  
18 Genoghie-Arenaria 1845134  
19 Laval 1450098  
20 Melijollid 13540864  
21 San Jorge Guerrero 16754688  
22 Kalabrahal 13414745  
23 Lor 8999424  
24 Quarazh 9174919  
25 Limeria 7012182  
26 Kani 1476360  
27 N'ghahan 10861732  
28 Kaiserhof 11878144  
29 Nordostkolonie 10045995  
30 Lotharingen 10500096  
31 Nordreich 11878425  
32 Hamm 13519617  
33 Galore 11485952  
34 Papen 13393186  
35 Flussen 13394216  
36 Neu-Flussen 11024896  
37 Banke 11681280  
38 Rigelstadt 13399899  
39 Stauffenberg 13392670  
40 Petesberg 11888721  
41 Upper Lienau 13401452  
42 Halle 12354897  
43 Dirke 13003055  
44 Volkstadt 11686961  
45 Riemanniche 11691838  
46 Rebrandt-Ostersee 15907214  
47 Briggenau 13406822  
48 Montaine 13525824  
49 Eick 12354919  
50 Arhus 10040576  
51 Vaud 14181694  
52 Rugel 14847565  
53 Osterstadt 12026671  
54 Gosse 8990720  
55 Rennes 10041389  
56 Mittelbraun 11479808  
57 Ostbraun 13513472  
58 Norbraun 12336660  
59 Flussenbraun 14169600  
60 Kriegheim 13406578  
61 Fluwerpen 13413275  
62 Merlin 10386537  
63 Lichtstadt 10382675  
64 Dolin 13405548  
65 Amsee 9866375  
66 Margiela 12045506  
67 Neustadt 9532001  
68 Landhuz 9939104  
69 Kiepler 7822928  
70 Dirac 6838867  
71 Epp 12886923  
72 Soldatstadt 4142889  
73 Unerheblichostersee 12037016  
74 Kronne 7701116  
75 Neu Epp 15913885  
76 Fioren 13191723  
77 Barattie 12030032  
78 Seelore 10049597  
79 Oberostsee 10187845  
80 Webber 9005883  
81 Machtstadt 9003043  
82 Neuen 10846790  
83 Oberneuen 5651759  
84 Nordstadt 10056769  
85 Mittelkolonie 10843450  
86 Bogdt 11890493  
87 Zulifer 13399109  
88 Kerman 11697726  
89 Gottheim 13006183  
90 Einz 8675379  
91 Telau 9007460  
92 Um 13412500  
93 Ohm 16746311  
94 Oberohm 10053461  
95 Peletz 9006373  
96 Yule 9007672  
97 Hohenstadt 7821124  
98 Weissblume 13013103  
99 Orh 7813149  
100 Jerme 7360317  
101 Catte 5515029  
102 Sudherzogtum 11886662  
103 Porto Marina 2914441  
104 Santa Marina 3443870  
105 Papal State 15394425  
106 Saint Riviera 15387997  
107 Saint Markkus 15388025  
108 Saint Erique 14405417  
109 Saint Anna 15393280  
110 Saint Germain 16773632  
111 Boion 6307420  
112 Enetezi 7169141  
113 Glamore 6504306  
114 Glamor 10705269  
115 O'Hara 7181173  
116 Blue Cross 11387391  
117 Jan Mallen 13030911  
118 Kolmark Union 6489600  
119 Kolmark 12371653  
120 Old Counties 11756991  
121 North Herakleion 5329233  
122 South Herakleion 7368816  
123 Pateles 6495003  
124 Verilium 3092323  
125 Mountain Republic 6529093  
126 Great Mizithras 14398814  
127 Valery 11580023  
128 Pognolia 11468882  
129 Orniah 9867894  
130 Denarium 3118947  
131 Haalan 3424688  
132 Dalmarium 11492432  
133 Arismari 6394486  
134 Kukanuu 1533996  
135 Bobototonga 1068064  
136 Hammanah 8404625  
137 Sommer 2047633  
138 Baba Nagal 6128203  
139 Theodorium 504063  
140 Armorium 3173014  
141 Marnonga 11843328  
142 Baragan 13421584  
143 Gillis 7638138  
144 Vindor 13405306  
145 Affion 10830136  
146 Pruzze 3497128  
147 Kanone 6645093  
148 Dual Commonwealth 11756901  
149 Olvile 5128504  
150 Lokkad 4893319  
151 Ashkad 4728726  
152 Gneisenau 9808519  
153 Croeler 3092480  
154 Liberland 7237888  
155 Northen Duchy 4737280  
156 Pierisia 6295866  
157 Iol 3820098  
158 Assur 10373698  
159 Gavala 10979463  
160 Waterhill 4794946  
161 Pecos 8999318  
162 Vazhai 9024150  
163 Totale 9926793  
164 Lake Cities 10382667  
165 Shinghizhian 11575748  
166 Jinghuan 12957403  
167 Nanai 14141167  
168 Kirigai 13549285  
169 Heavenly Kingdom 12689188  
170 Guanxhi 14201385  
171 Vitala 14729516  
172 Khagaria 4998434  
173 Janaria 4998485  
174 Pii 3884643  
175 Poolo 8554239  
176 Kiipi 2712460  
177 Eqie 11580159  
178 Loo 5592967  
179 Uule 16745898  
180 Isnia 9023743  
181 Axxa 4548494  
182 Natt 3182222  
183 Ool 11508735  
184 Suo 10195880  
185 Embarga 10201000  
186 Alois 10223528  
187 Bala 10188968  
188 Col 4106152  
189 Vanghuazi 14404809  
190 Fuanxi 8550289  
191 Erhuangzhi 12988227  
192 Xeria 15677777  
193 Julia-Magrada 6603885  
194 Goodman 5212505  
195 Thalia 7229033  
196 Maria 6373475  
197 Blanca Mana 2313833  
198 Clarke 2121792  
199 Livirium 6639159  
200 Lomar 4416333  
201 Zenevie 3829760  
202 Yianna 2244707  
203 Biiria-Avram 994144  
204 United Commonwealths of Westhall 2439252  
205 New Landing 3362418  
206 Suhkara 4562590  
207 Kanade 7143429  
208 Shinji 11993093  
209 Mihishima 15335435  
210 Disire 4543069  
211 Osa 7174713  
212 United Duchies 6921728  
213 Rimera 5274169  
214 Concord 8428361  
215 Jevril 5929545  
216 Ogg'dtberg 8887136  
217 Veneri 7444827  
218 Groener 6315612  
219 Noske 4472716  
220 Freikorp 16748277  
221 Batltitia 16748125  
222 Welmar 4099677  
223 Tyriel 4025484  
224 Ostyriel 6120332  
225 Antiriel 2171169  
226 Velvelot 5204105  
227 Wottier 3627657  
228 Prunel 3620489  
229 Engels 12016910  
230 Njol 12017001  
231 Ludeland State 2370690  
232 Ludeland 11510903  
233 The Governorate 7153573  
234 Falatzen 6389155  
235 Franconie 4342638  
236 Siera-Perideaux 6915237  
237 Lothair-Saint Erz 6922159  
238 Abbote 5153911  
239 Conclavia 5131895  
240 Penelope 7696725  
241 Herztog 9653879  
242 Pointe 7713365  
243 Bolle 7621225  
244 Author 6671564  
245 Girible 6829617  
246 Oppala 6901362  
247 Lupara 4101993  
248 Uxiana 14718825  
249 Illiana 6639308  
250 Eleana 7884402  
251 Pelagia 5207924  
252 Peleti 4372317  
253 Piridieti 2966886  
254 Romangha 9090909  
255 Erretanuia 10171182  
256 Lupen 11876918  
257 Upper Duchy 12664378  
258 Middle Duchy 13189436  
259 Lower Duchy 14042432  
260 Duxe Province 14698563  
261 Akkrada Province 11023922  
262 New Lupen 14698601  
263 United Provinces Of Southern Westhall 5592513  
264 New Port 4474009  
265 United Provinces Of Southern Austoria 9345694  
266 United Provinces Of Austoria 5614273  
267 Progoda 5872504  
268 Qiridiyah 5685146  
269 Nananite Qiridia 11965293  
270 Migitia 6377030  
271 Fiol 6388806  
272 Teurotia 13223363  
273 South Qrana 6411105  
274 Qrana 5684310  
275 North Qrana 4759112  
276 Violenz 13205699  
277 Rineria 6127811  
278 Middle Westhall 4871635  
279 Qiriyadaziz 6127721  
280 Taullens 6384030  
281 Qini-Qadar 6395753  
282 Moskov 11698281  
283 Novhall 6113897  
284 Westhall Archbishopry 4606645  
285 Barbaria 4606503  
286 Saint Halle 4079177  
287 Sunderland 8928841  
288 Greater Greenhill 8939849  
289 Old Greenhill 8882025  
290 Redhill 12535880  
291 The Westhall Admiralty 1012671  
292 Goll-Gastogne 3811134  
293 Prianda 8867433  
294 Lovelhaus 3823422  
295 Dawnbreak 3825982  
296 Occelot 120  
297 Krama 3823479  
298 Polymeria 5213792  
299 Monomeria 16743736  
300 Grandhall 16757248  
301 Libernia 6538283  
302 Angelberg 5651002  
303 Dole 11039346  
304 Monkhe 13536396  
305 Honstadt 9527906  
306 Sudetana 16230568  
307 Mertz 14390677  
308 Lower Mertz 5595746  
309 New Mountain 4218927  
310 Riva 6306897  
311 Derby-Pool 4897491  
312 Pollong 6113640  
313 Ends 11972286  
